<?xml version="1.0" encoding="windows-1252" standalone="no"?>
<!DOCTYPE log SYSTEM "logger.dtd">
<log>
<record>
  <date>2020-08-18T22:33:14.468585700Z</date>
  <millis>1597789994468</millis>
  <nanos>585700</nanos>
  <sequence>0</sequence>
  <logger>main.java.thread.myThread</logger>
  <level>INFO</level>
  <class>main.java.thread.myThread</class>
  <method>run</method>
  <thread>15</thread>
  <message>S&amp;P500 3350.23 at 18:33:14.465585</message>
</record>
<record>
  <date>2020-08-18T22:34:14.478589Z</date>
  <millis>1597790054478</millis>
  <nanos>589000</nanos>
  <sequence>1</sequence>
  <logger>main.java.thread.myThread</logger>
  <level>INFO</level>
  <class>main.java.thread.myThread</class>
  <method>run</method>
  <thread>15</thread>
  <message>S&amp;P500 3350.23 at 18:34:14.478589</message>
</record>
<record>
  <date>2020-08-18T22:35:14.484531400Z</date>
  <millis>1597790114484</millis>
  <nanos>531400</nanos>
  <sequence>2</sequence>
  <logger>main.java.thread.myThread</logger>
  <level>INFO</level>
  <class>main.java.thread.myThread</class>
  <method>run</method>
  <thread>15</thread>
  <message>S&amp;P500 3350.23 at 18:35:14.483529500</message>
</record>
<record>
  <date>2020-08-18T22:36:14.485068900Z</date>
  <millis>1597790174485</millis>
  <nanos>68900</nanos>
  <sequence>3</sequence>
  <logger>main.java.thread.myThread</logger>
  <level>INFO</level>
  <class>main.java.thread.myThread</class>
  <method>run</method>
  <thread>15</thread>
  <message>S&amp;P500 3350.23 at 18:36:14.485068900</message>
</record>
<record>
  <date>2020-08-18T22:37:14.486919700Z</date>
  <millis>1597790234486</millis>
  <nanos>919700</nanos>
  <sequence>4</sequence>
  <logger>main.java.thread.myThread</logger>
  <level>INFO</level>
  <class>main.java.thread.myThread</class>
  <method>run</method>
  <thread>15</thread>
  <message>S&amp;P500 3350.23 at 18:37:14.486919700</message>
</record>
<record>
  <date>2020-08-18T22:38:14.487907900Z</date>
  <millis>1597790294487</millis>
  <nanos>907900</nanos>
  <sequence>5</sequence>
  <logger>main.java.thread.myThread</logger>
  <level>INFO</level>
  <class>main.java.thread.myThread</class>
  <method>run</method>
  <thread>15</thread>
  <message>S&amp;P500 3350.23 at 18:38:14.487907900</message>
</record>
<record>
  <date>2020-08-18T22:39:14.488737700Z</date>
  <millis>1597790354488</millis>
  <nanos>737700</nanos>
  <sequence>6</sequence>
  <logger>main.java.thread.myThread</logger>
  <level>INFO</level>
  <class>main.java.thread.myThread</class>
  <method>run</method>
  <thread>15</thread>
  <message>S&amp;P500 3350.23 at 18:39:14.488737700</message>
</record>
<record>
  <date>2020-08-18T22:40:14.488825700Z</date>
  <millis>1597790414488</millis>
  <nanos>825700</nanos>
  <sequence>7</sequence>
  <logger>main.java.thread.myThread</logger>
  <level>INFO</level>
  <class>main.java.thread.myThread</class>
  <method>run</method>
  <thread>15</thread>
  <message>S&amp;P500 3350.23 at 18:40:14.488825700</message>
</record>
<record>
  <date>2020-08-18T22:41:14.490520900Z</date>
  <millis>1597790474490</millis>
  <nanos>520900</nanos>
  <sequence>8</sequence>
  <logger>main.java.thread.myThread</logger>
  <level>INFO</level>
  <class>main.java.thread.myThread</class>
  <method>run</method>
  <thread>15</thread>
  <message>S&amp;P500 3350.23 at 18:41:14.490520900</message>
</record>
</log>
